<?xml version="1.0" encoding="UTF-8"?>
<coverage generated="1362686011">
  <project timestamp="1362686011">
    <package name="bankaccount\model">
      <file name="C:\CentralIT\Ambiente\PHP\workspace\bankaccount\src\model/BankAccount.php">
        <class name="BankAccount" namespace="bankaccount\model">
          <metrics methods="1" coveredmethods="1" conditionals="0" coveredconditionals="0" statements="1" coveredstatements="1" elements="2" coveredelements="2"/>
        </class>
        <line num="7" type="method" name="add" crap="1" count="1"/>
        <line num="8" type="stmt" count="1"/>
        <line num="14" type="stmt" count="1"/>
        <metrics loc="13" ncloc="13" classes="1" methods="1" coveredmethods="1" conditionals="0" coveredconditionals="0" statements="1" coveredstatements="1" elements="2" coveredelements="2"/>
      </file>
    </package>
    <metrics files="1" loc="13" ncloc="13" classes="1" methods="1" coveredmethods="1" conditionals="0" coveredconditionals="0" statements="1" coveredstatements="1" elements="2" coveredelements="2"/>
  </project>
</coverage>
